20:35:55 INFO  : Launching XSCT server: xsct -n  -interactive /home/user/lab-3-5/vivado_workspace/temp_xsdb_launch_script.tcl
20:35:55 INFO  : Platform repository initialization has completed.
20:35:55 INFO  : Registering command handlers for Vitis TCF services
20:35:58 INFO  : XSCT server has started successfully.
20:35:58 INFO  : Successfully done setting XSCT server connection channel  
20:35:58 INFO  : plnx-install-location is set to ''
20:35:58 INFO  : Successfully done query RDI_DATADIR 
20:35:58 INFO  : Successfully done setting workspace for the tool. 
20:36:45 INFO  : Result from executing command 'getProjects': kypd_design_wrapper
20:36:45 INFO  : Result from executing command 'getPlatforms': 
20:36:45 WARN  : An unexpected exception occurred in the module 'platform project logging'
20:36:45 INFO  : Platform 'kypd_design_wrapper' is added to custom repositories.
20:36:52 INFO  : Platform 'kypd_design_wrapper' is added to custom repositories.
20:40:19 INFO  : Result from executing command 'getProjects': kypd_design_wrapper
20:40:19 INFO  : Result from executing command 'getPlatforms': kypd_design_wrapper|/home/user/lab-3-5/vivado_workspace/kypd_design_wrapper/export/kypd_design_wrapper/kypd_design_wrapper.xpfm
20:40:22 INFO  : Checking for BSP changes to sync application flags for project 'kypd_demo'...
20:45:21 INFO  : Connected to target on host '127.0.0.1' and port '3121'.
20:45:21 INFO  : 'targets -set -filter {jtag_cable_name =~ "Digilent Zybo 210279A42C55A" && level==0 && jtag_device_ctx=="jsn-Zybo-210279A42C55A-13722093-0"}' command is executed.
20:45:22 INFO  : Device configured successfully with "/home/user/lab-3-5/vivado_workspace/kypd_demo/_ide/bitstream/kypd_design_wrapper.bit"
20:45:28 INFO  : Connected to target on host '127.0.0.1' and port '3121'.
20:45:28 INFO  : Jtag cable 'Digilent Zybo 210279A42C55A' is selected.
20:45:28 INFO  : 'jtag frequency' command is executed.
20:45:28 INFO  : Context for 'APU' is selected.
20:45:28 INFO  : System reset is completed.
20:45:31 INFO  : 'after 3000' command is executed.
20:45:31 INFO  : 'targets -set -filter {jtag_cable_name =~ "Digilent Zybo 210279A42C55A" && level==0 && jtag_device_ctx=="jsn-Zybo-210279A42C55A-13722093-0"}' command is executed.
20:45:33 INFO  : Device configured successfully with "/home/user/lab-3-5/vivado_workspace/kypd_demo/_ide/bitstream/kypd_design_wrapper.bit"
20:45:33 INFO  : Context for 'APU' is selected.
20:45:33 INFO  : Hardware design and registers information is loaded from '/home/user/lab-3-5/vivado_workspace/kypd_design_wrapper/export/kypd_design_wrapper/hw/kypd_design_wrapper.xsa'.
20:45:33 INFO  : 'configparams force-mem-access 1' command is executed.
20:45:33 INFO  : Context for 'APU' is selected.
20:45:33 INFO  : Sourcing of '/home/user/lab-3-5/vivado_workspace/kypd_demo/_ide/psinit/ps7_init.tcl' is done.
20:45:33 INFO  : 'ps7_init' command is executed.
20:45:33 INFO  : 'ps7_post_config' command is executed.
20:45:33 INFO  : Context for processor 'ps7_cortexa9_0' is selected.
20:45:33 INFO  : The application '/home/user/lab-3-5/vivado_workspace/kypd_demo/Debug/kypd_demo.elf' is downloaded to processor 'ps7_cortexa9_0'.
20:45:33 INFO  : 'configparams force-mem-access 0' command is executed.
20:45:33 INFO  : ----------------XSDB Script----------------
connect -url tcp:127.0.0.1:3121
targets -set -nocase -filter {name =~"APU*"}
rst -system
after 3000
targets -set -filter {jtag_cable_name =~ "Digilent Zybo 210279A42C55A" && level==0 && jtag_device_ctx=="jsn-Zybo-210279A42C55A-13722093-0"}
fpga -file /home/user/lab-3-5/vivado_workspace/kypd_demo/_ide/bitstream/kypd_design_wrapper.bit
targets -set -nocase -filter {name =~"APU*"}
loadhw -hw /home/user/lab-3-5/vivado_workspace/kypd_design_wrapper/export/kypd_design_wrapper/hw/kypd_design_wrapper.xsa -mem-ranges [list {0x40000000 0xbfffffff}] -regs
configparams force-mem-access 1
targets -set -nocase -filter {name =~"APU*"}
source /home/user/lab-3-5/vivado_workspace/kypd_demo/_ide/psinit/ps7_init.tcl
ps7_init
ps7_post_config
targets -set -nocase -filter {name =~ "*A9*#0"}
dow /home/user/lab-3-5/vivado_workspace/kypd_demo/Debug/kypd_demo.elf
configparams force-mem-access 0
----------------End of Script----------------

20:45:33 INFO  : Context for processor 'ps7_cortexa9_0' is selected.
20:45:33 INFO  : 'con' command is executed.
20:45:33 INFO  : ----------------XSDB Script (After Launch)----------------
targets -set -nocase -filter {name =~ "*A9*#0"}
con
----------------End of Script----------------

20:45:33 INFO  : Launch script is exported to file '/home/user/lab-3-5/vivado_workspace/kypd_demo_system/_ide/scripts/debugger_kypd_demo-default.tcl'
20:46:19 INFO  : Disconnected from the channel tcfchan#2.
20:46:26 INFO  : Launching XSCT server: xsct -n  -interactive /home/user/lab-3-5/vivado_workspace/temp_xsdb_launch_script.tcl
20:46:28 INFO  : Platform repository initialization has completed.
20:46:28 INFO  : Registering command handlers for Vitis TCF services
20:46:30 INFO  : XSCT server has started successfully.
20:46:30 INFO  : plnx-install-location is set to ''
20:46:30 INFO  : Successfully done setting XSCT server connection channel  
20:46:30 INFO  : Successfully done setting workspace for the tool. 
20:46:30 INFO  : Successfully done query RDI_DATADIR 
20:46:37 INFO  : Connected to target on host '127.0.0.1' and port '3121'.
20:46:37 INFO  : 'targets -set -filter {jtag_cable_name =~ "Digilent Zybo 210279A42C55A" && level==0 && jtag_device_ctx=="jsn-Zybo-210279A42C55A-13722093-0"}' command is executed.
20:46:38 INFO  : Device configured successfully with "/home/user/lab-3-5/vivado_workspace/kypd_demo/_ide/bitstream/kypd_design_wrapper.bit"
20:46:42 INFO  : Checking for BSP changes to sync application flags for project 'kypd_demo'...
20:46:54 INFO  : Connected to target on host '127.0.0.1' and port '3121'.
20:46:54 INFO  : Jtag cable 'Digilent Zybo 210279A42C55A' is selected.
20:46:54 INFO  : 'jtag frequency' command is executed.
20:46:54 INFO  : Context for 'APU' is selected.
20:46:54 INFO  : System reset is completed.
20:46:57 INFO  : 'after 3000' command is executed.
20:46:57 INFO  : 'targets -set -filter {jtag_cable_name =~ "Digilent Zybo 210279A42C55A" && level==0 && jtag_device_ctx=="jsn-Zybo-210279A42C55A-13722093-0"}' command is executed.
20:46:59 INFO  : Device configured successfully with "/home/user/lab-3-5/vivado_workspace/kypd_demo/_ide/bitstream/kypd_design_wrapper.bit"
20:46:59 INFO  : Context for 'APU' is selected.
20:46:59 INFO  : Hardware design and registers information is loaded from '/home/user/lab-3-5/vivado_workspace/kypd_design_wrapper/export/kypd_design_wrapper/hw/kypd_design_wrapper.xsa'.
20:46:59 INFO  : 'configparams force-mem-access 1' command is executed.
20:46:59 INFO  : Context for 'APU' is selected.
20:46:59 INFO  : Sourcing of '/home/user/lab-3-5/vivado_workspace/kypd_demo/_ide/psinit/ps7_init.tcl' is done.
20:46:59 INFO  : 'ps7_init' command is executed.
20:46:59 INFO  : 'ps7_post_config' command is executed.
20:46:59 INFO  : Context for processor 'ps7_cortexa9_0' is selected.
20:46:59 INFO  : The application '/home/user/lab-3-5/vivado_workspace/kypd_demo/Debug/kypd_demo.elf' is downloaded to processor 'ps7_cortexa9_0'.
20:46:59 INFO  : 'configparams force-mem-access 0' command is executed.
20:46:59 INFO  : ----------------XSDB Script----------------
connect -url tcp:127.0.0.1:3121
targets -set -nocase -filter {name =~"APU*"}
rst -system
after 3000
targets -set -filter {jtag_cable_name =~ "Digilent Zybo 210279A42C55A" && level==0 && jtag_device_ctx=="jsn-Zybo-210279A42C55A-13722093-0"}
fpga -file /home/user/lab-3-5/vivado_workspace/kypd_demo/_ide/bitstream/kypd_design_wrapper.bit
targets -set -nocase -filter {name =~"APU*"}
loadhw -hw /home/user/lab-3-5/vivado_workspace/kypd_design_wrapper/export/kypd_design_wrapper/hw/kypd_design_wrapper.xsa -mem-ranges [list {0x40000000 0xbfffffff}] -regs
configparams force-mem-access 1
targets -set -nocase -filter {name =~"APU*"}
source /home/user/lab-3-5/vivado_workspace/kypd_demo/_ide/psinit/ps7_init.tcl
ps7_init
ps7_post_config
targets -set -nocase -filter {name =~ "*A9*#0"}
dow /home/user/lab-3-5/vivado_workspace/kypd_demo/Debug/kypd_demo.elf
configparams force-mem-access 0
----------------End of Script----------------

20:46:59 INFO  : Context for processor 'ps7_cortexa9_0' is selected.
20:46:59 INFO  : 'con' command is executed.
20:46:59 INFO  : ----------------XSDB Script (After Launch)----------------
targets -set -nocase -filter {name =~ "*A9*#0"}
con
----------------End of Script----------------

20:46:59 INFO  : Launch script is exported to file '/home/user/lab-3-5/vivado_workspace/kypd_demo_system/_ide/scripts/debugger_kypd_demo-default.tcl'
20:47:41 INFO  : Connected to target on host '127.0.0.1' and port '3121'.
20:47:42 INFO  : Jtag cable 'Digilent Zybo 210279A42C55A' is selected.
20:47:42 INFO  : 'jtag frequency' command is executed.
20:47:42 INFO  : Context for 'APU' is selected.
20:47:42 INFO  : System reset is completed.
20:47:45 INFO  : 'after 3000' command is executed.
20:47:45 INFO  : 'targets -set -filter {jtag_cable_name =~ "Digilent Zybo 210279A42C55A" && level==0 && jtag_device_ctx=="jsn-Zybo-210279A42C55A-13722093-0"}' command is executed.
20:47:46 INFO  : Device configured successfully with "/home/user/lab-3-5/vivado_workspace/kypd_demo/_ide/bitstream/kypd_design_wrapper.bit"
20:47:46 INFO  : Context for 'APU' is selected.
20:47:46 INFO  : Hardware design and registers information is loaded from '/home/user/lab-3-5/vivado_workspace/kypd_design_wrapper/export/kypd_design_wrapper/hw/kypd_design_wrapper.xsa'.
20:47:46 INFO  : 'configparams force-mem-access 1' command is executed.
20:47:46 INFO  : Context for 'APU' is selected.
20:47:46 INFO  : Sourcing of '/home/user/lab-3-5/vivado_workspace/kypd_demo/_ide/psinit/ps7_init.tcl' is done.
20:47:46 INFO  : 'ps7_init' command is executed.
20:47:46 INFO  : 'ps7_post_config' command is executed.
20:47:46 INFO  : Context for processor 'ps7_cortexa9_0' is selected.
20:47:46 INFO  : The application '/home/user/lab-3-5/vivado_workspace/kypd_demo/Debug/kypd_demo.elf' is downloaded to processor 'ps7_cortexa9_0'.
20:47:46 INFO  : 'configparams force-mem-access 0' command is executed.
20:47:46 INFO  : ----------------XSDB Script----------------
connect -url tcp:127.0.0.1:3121
targets -set -nocase -filter {name =~"APU*"}
rst -system
after 3000
targets -set -filter {jtag_cable_name =~ "Digilent Zybo 210279A42C55A" && level==0 && jtag_device_ctx=="jsn-Zybo-210279A42C55A-13722093-0"}
fpga -file /home/user/lab-3-5/vivado_workspace/kypd_demo/_ide/bitstream/kypd_design_wrapper.bit
targets -set -nocase -filter {name =~"APU*"}
loadhw -hw /home/user/lab-3-5/vivado_workspace/kypd_design_wrapper/export/kypd_design_wrapper/hw/kypd_design_wrapper.xsa -mem-ranges [list {0x40000000 0xbfffffff}] -regs
configparams force-mem-access 1
targets -set -nocase -filter {name =~"APU*"}
source /home/user/lab-3-5/vivado_workspace/kypd_demo/_ide/psinit/ps7_init.tcl
ps7_init
ps7_post_config
targets -set -nocase -filter {name =~ "*A9*#0"}
dow /home/user/lab-3-5/vivado_workspace/kypd_demo/Debug/kypd_demo.elf
configparams force-mem-access 0
----------------End of Script----------------

20:47:46 INFO  : Context for processor 'ps7_cortexa9_0' is selected.
20:47:46 INFO  : 'con' command is executed.
20:47:46 INFO  : ----------------XSDB Script (After Launch)----------------
targets -set -nocase -filter {name =~ "*A9*#0"}
con
----------------End of Script----------------

20:47:46 INFO  : Disconnected from the channel tcfchan#1.
20:51:09 INFO  : Checking for BSP changes to sync application flags for project 'kypd_demo'...
20:51:54 INFO  : Checking for BSP changes to sync application flags for project 'kypd_demo'...
20:52:04 INFO  : Connected to target on host '127.0.0.1' and port '3121'.
20:52:04 INFO  : Jtag cable 'Digilent Zybo 210279A42C55A' is selected.
20:52:04 INFO  : 'jtag frequency' command is executed.
20:52:04 INFO  : Context for 'APU' is selected.
20:52:04 INFO  : System reset is completed.
20:52:07 INFO  : 'after 3000' command is executed.
20:52:07 INFO  : 'targets -set -filter {jtag_cable_name =~ "Digilent Zybo 210279A42C55A" && level==0 && jtag_device_ctx=="jsn-Zybo-210279A42C55A-13722093-0"}' command is executed.
20:52:08 INFO  : Device configured successfully with "/home/user/lab-3-5/vivado_workspace/kypd_demo/_ide/bitstream/kypd_design_wrapper.bit"
20:52:08 INFO  : Context for 'APU' is selected.
20:52:08 INFO  : Hardware design and registers information is loaded from '/home/user/lab-3-5/vivado_workspace/kypd_design_wrapper/export/kypd_design_wrapper/hw/kypd_design_wrapper.xsa'.
20:52:08 INFO  : 'configparams force-mem-access 1' command is executed.
20:52:08 INFO  : Context for 'APU' is selected.
20:52:08 INFO  : Sourcing of '/home/user/lab-3-5/vivado_workspace/kypd_demo/_ide/psinit/ps7_init.tcl' is done.
20:52:09 INFO  : 'ps7_init' command is executed.
20:52:09 INFO  : 'ps7_post_config' command is executed.
20:52:09 INFO  : Context for processor 'ps7_cortexa9_0' is selected.
20:52:09 INFO  : The application '/home/user/lab-3-5/vivado_workspace/kypd_demo/Debug/kypd_demo.elf' is downloaded to processor 'ps7_cortexa9_0'.
20:52:09 INFO  : 'configparams force-mem-access 0' command is executed.
20:52:09 INFO  : ----------------XSDB Script----------------
connect -url tcp:127.0.0.1:3121
targets -set -nocase -filter {name =~"APU*"}
rst -system
after 3000
targets -set -filter {jtag_cable_name =~ "Digilent Zybo 210279A42C55A" && level==0 && jtag_device_ctx=="jsn-Zybo-210279A42C55A-13722093-0"}
fpga -file /home/user/lab-3-5/vivado_workspace/kypd_demo/_ide/bitstream/kypd_design_wrapper.bit
targets -set -nocase -filter {name =~"APU*"}
loadhw -hw /home/user/lab-3-5/vivado_workspace/kypd_design_wrapper/export/kypd_design_wrapper/hw/kypd_design_wrapper.xsa -mem-ranges [list {0x40000000 0xbfffffff}] -regs
configparams force-mem-access 1
targets -set -nocase -filter {name =~"APU*"}
source /home/user/lab-3-5/vivado_workspace/kypd_demo/_ide/psinit/ps7_init.tcl
ps7_init
ps7_post_config
targets -set -nocase -filter {name =~ "*A9*#0"}
dow /home/user/lab-3-5/vivado_workspace/kypd_demo/Debug/kypd_demo.elf
configparams force-mem-access 0
----------------End of Script----------------

20:52:09 INFO  : Context for processor 'ps7_cortexa9_0' is selected.
20:52:09 INFO  : 'con' command is executed.
20:52:09 INFO  : ----------------XSDB Script (After Launch)----------------
targets -set -nocase -filter {name =~ "*A9*#0"}
con
----------------End of Script----------------

20:52:09 INFO  : Disconnected from the channel tcfchan#2.
20:52:48 INFO  : Checking for BSP changes to sync application flags for project 'kypd_demo'...
20:52:56 INFO  : Connected to target on host '127.0.0.1' and port '3121'.
20:52:56 INFO  : Jtag cable 'Digilent Zybo 210279A42C55A' is selected.
20:52:56 INFO  : 'jtag frequency' command is executed.
20:52:56 INFO  : Context for 'APU' is selected.
20:52:56 INFO  : System reset is completed.
20:52:59 INFO  : 'after 3000' command is executed.
20:52:59 INFO  : 'targets -set -filter {jtag_cable_name =~ "Digilent Zybo 210279A42C55A" && level==0 && jtag_device_ctx=="jsn-Zybo-210279A42C55A-13722093-0"}' command is executed.
20:53:01 INFO  : Device configured successfully with "/home/user/lab-3-5/vivado_workspace/kypd_demo/_ide/bitstream/kypd_design_wrapper.bit"
20:53:01 INFO  : Context for 'APU' is selected.
20:53:01 INFO  : Hardware design and registers information is loaded from '/home/user/lab-3-5/vivado_workspace/kypd_design_wrapper/export/kypd_design_wrapper/hw/kypd_design_wrapper.xsa'.
20:53:01 INFO  : 'configparams force-mem-access 1' command is executed.
20:53:01 INFO  : Context for 'APU' is selected.
20:53:01 INFO  : Sourcing of '/home/user/lab-3-5/vivado_workspace/kypd_demo/_ide/psinit/ps7_init.tcl' is done.
20:53:01 INFO  : 'ps7_init' command is executed.
20:53:01 INFO  : 'ps7_post_config' command is executed.
20:53:01 INFO  : Context for processor 'ps7_cortexa9_0' is selected.
20:53:01 INFO  : The application '/home/user/lab-3-5/vivado_workspace/kypd_demo/Debug/kypd_demo.elf' is downloaded to processor 'ps7_cortexa9_0'.
20:53:01 INFO  : 'configparams force-mem-access 0' command is executed.
20:53:01 INFO  : ----------------XSDB Script----------------
connect -url tcp:127.0.0.1:3121
targets -set -nocase -filter {name =~"APU*"}
rst -system
after 3000
targets -set -filter {jtag_cable_name =~ "Digilent Zybo 210279A42C55A" && level==0 && jtag_device_ctx=="jsn-Zybo-210279A42C55A-13722093-0"}
fpga -file /home/user/lab-3-5/vivado_workspace/kypd_demo/_ide/bitstream/kypd_design_wrapper.bit
targets -set -nocase -filter {name =~"APU*"}
loadhw -hw /home/user/lab-3-5/vivado_workspace/kypd_design_wrapper/export/kypd_design_wrapper/hw/kypd_design_wrapper.xsa -mem-ranges [list {0x40000000 0xbfffffff}] -regs
configparams force-mem-access 1
targets -set -nocase -filter {name =~"APU*"}
source /home/user/lab-3-5/vivado_workspace/kypd_demo/_ide/psinit/ps7_init.tcl
ps7_init
ps7_post_config
targets -set -nocase -filter {name =~ "*A9*#0"}
dow /home/user/lab-3-5/vivado_workspace/kypd_demo/Debug/kypd_demo.elf
configparams force-mem-access 0
----------------End of Script----------------

20:53:01 INFO  : Context for processor 'ps7_cortexa9_0' is selected.
20:53:01 INFO  : 'con' command is executed.
20:53:01 INFO  : ----------------XSDB Script (After Launch)----------------
targets -set -nocase -filter {name =~ "*A9*#0"}
con
----------------End of Script----------------

20:53:01 INFO  : Disconnected from the channel tcfchan#3.
20:53:49 INFO  : Checking for BSP changes to sync application flags for project 'kypd_demo'...
20:53:54 INFO  : Connected to target on host '127.0.0.1' and port '3121'.
20:53:54 INFO  : Jtag cable 'Digilent Zybo 210279A42C55A' is selected.
20:53:54 INFO  : 'jtag frequency' command is executed.
20:53:54 INFO  : Context for 'APU' is selected.
20:53:54 INFO  : System reset is completed.
20:53:57 INFO  : 'after 3000' command is executed.
20:53:57 INFO  : 'targets -set -filter {jtag_cable_name =~ "Digilent Zybo 210279A42C55A" && level==0 && jtag_device_ctx=="jsn-Zybo-210279A42C55A-13722093-0"}' command is executed.
20:53:58 INFO  : Device configured successfully with "/home/user/lab-3-5/vivado_workspace/kypd_demo/_ide/bitstream/kypd_design_wrapper.bit"
20:53:58 INFO  : Context for 'APU' is selected.
20:53:58 INFO  : Hardware design and registers information is loaded from '/home/user/lab-3-5/vivado_workspace/kypd_design_wrapper/export/kypd_design_wrapper/hw/kypd_design_wrapper.xsa'.
20:53:58 INFO  : 'configparams force-mem-access 1' command is executed.
20:53:58 INFO  : Context for 'APU' is selected.
20:53:58 INFO  : Sourcing of '/home/user/lab-3-5/vivado_workspace/kypd_demo/_ide/psinit/ps7_init.tcl' is done.
20:53:58 INFO  : 'ps7_init' command is executed.
20:53:58 INFO  : 'ps7_post_config' command is executed.
20:53:58 INFO  : Context for processor 'ps7_cortexa9_0' is selected.
20:53:59 INFO  : The application '/home/user/lab-3-5/vivado_workspace/kypd_demo/Debug/kypd_demo.elf' is downloaded to processor 'ps7_cortexa9_0'.
20:53:59 INFO  : 'configparams force-mem-access 0' command is executed.
20:53:59 INFO  : ----------------XSDB Script----------------
connect -url tcp:127.0.0.1:3121
targets -set -nocase -filter {name =~"APU*"}
rst -system
after 3000
targets -set -filter {jtag_cable_name =~ "Digilent Zybo 210279A42C55A" && level==0 && jtag_device_ctx=="jsn-Zybo-210279A42C55A-13722093-0"}
fpga -file /home/user/lab-3-5/vivado_workspace/kypd_demo/_ide/bitstream/kypd_design_wrapper.bit
targets -set -nocase -filter {name =~"APU*"}
loadhw -hw /home/user/lab-3-5/vivado_workspace/kypd_design_wrapper/export/kypd_design_wrapper/hw/kypd_design_wrapper.xsa -mem-ranges [list {0x40000000 0xbfffffff}] -regs
configparams force-mem-access 1
targets -set -nocase -filter {name =~"APU*"}
source /home/user/lab-3-5/vivado_workspace/kypd_demo/_ide/psinit/ps7_init.tcl
ps7_init
ps7_post_config
targets -set -nocase -filter {name =~ "*A9*#0"}
dow /home/user/lab-3-5/vivado_workspace/kypd_demo/Debug/kypd_demo.elf
configparams force-mem-access 0
----------------End of Script----------------

20:53:59 INFO  : Context for processor 'ps7_cortexa9_0' is selected.
20:53:59 INFO  : 'con' command is executed.
20:53:59 INFO  : ----------------XSDB Script (After Launch)----------------
targets -set -nocase -filter {name =~ "*A9*#0"}
con
----------------End of Script----------------

20:53:59 INFO  : Disconnected from the channel tcfchan#4.
20:55:05 INFO  : Connected to target on host '127.0.0.1' and port '3121'.
20:55:05 INFO  : Jtag cable 'Digilent Zybo 210279A42C55A' is selected.
20:55:05 INFO  : 'jtag frequency' command is executed.
20:55:05 INFO  : Context for 'APU' is selected.
20:55:05 INFO  : System reset is completed.
20:55:08 INFO  : 'after 3000' command is executed.
20:55:08 INFO  : 'targets -set -filter {jtag_cable_name =~ "Digilent Zybo 210279A42C55A" && level==0 && jtag_device_ctx=="jsn-Zybo-210279A42C55A-13722093-0"}' command is executed.
20:55:09 INFO  : Device configured successfully with "/home/user/lab-3-5/vivado_workspace/kypd_demo/_ide/bitstream/kypd_design_wrapper.bit"
20:55:09 INFO  : Context for 'APU' is selected.
20:55:10 INFO  : Hardware design and registers information is loaded from '/home/user/lab-3-5/vivado_workspace/kypd_design_wrapper/export/kypd_design_wrapper/hw/kypd_design_wrapper.xsa'.
20:55:10 INFO  : 'configparams force-mem-access 1' command is executed.
20:55:10 INFO  : Context for 'APU' is selected.
20:55:10 INFO  : Sourcing of '/home/user/lab-3-5/vivado_workspace/kypd_demo/_ide/psinit/ps7_init.tcl' is done.
20:55:11 INFO  : 'ps7_init' command is executed.
20:55:11 INFO  : 'ps7_post_config' command is executed.
20:55:11 INFO  : Context for processor 'ps7_cortexa9_0' is selected.
20:55:11 INFO  : The application '/home/user/lab-3-5/vivado_workspace/kypd_demo/Debug/kypd_demo.elf' is downloaded to processor 'ps7_cortexa9_0'.
20:55:11 INFO  : 'configparams force-mem-access 0' command is executed.
20:55:11 INFO  : ----------------XSDB Script----------------
connect -url tcp:127.0.0.1:3121
targets -set -nocase -filter {name =~"APU*"}
rst -system
after 3000
targets -set -filter {jtag_cable_name =~ "Digilent Zybo 210279A42C55A" && level==0 && jtag_device_ctx=="jsn-Zybo-210279A42C55A-13722093-0"}
fpga -file /home/user/lab-3-5/vivado_workspace/kypd_demo/_ide/bitstream/kypd_design_wrapper.bit
targets -set -nocase -filter {name =~"APU*"}
loadhw -hw /home/user/lab-3-5/vivado_workspace/kypd_design_wrapper/export/kypd_design_wrapper/hw/kypd_design_wrapper.xsa -mem-ranges [list {0x40000000 0xbfffffff}] -regs
configparams force-mem-access 1
targets -set -nocase -filter {name =~"APU*"}
source /home/user/lab-3-5/vivado_workspace/kypd_demo/_ide/psinit/ps7_init.tcl
ps7_init
ps7_post_config
targets -set -nocase -filter {name =~ "*A9*#0"}
dow /home/user/lab-3-5/vivado_workspace/kypd_demo/Debug/kypd_demo.elf
configparams force-mem-access 0
----------------End of Script----------------

20:56:58 WARN  : channel "tcfchan#1" closed
20:57:10 INFO  : Disconnected from the channel tcfchan#5.
20:57:11 INFO  : Connected to target on host '127.0.0.1' and port '3121'.
20:57:11 INFO  : Jtag cable 'Digilent Zybo 210279A42C55A' is selected.
20:57:11 INFO  : 'jtag frequency' command is executed.
20:57:11 INFO  : Context for 'APU' is selected.
20:57:11 INFO  : System reset is completed.
20:57:14 INFO  : 'after 3000' command is executed.
20:57:14 INFO  : 'targets -set -filter {jtag_cable_name =~ "Digilent Zybo 210279A42C55A" && level==0 && jtag_device_ctx=="jsn-Zybo-210279A42C55A-13722093-0"}' command is executed.
20:57:15 INFO  : Device configured successfully with "/home/user/lab-3-5/vivado_workspace/kypd_demo/_ide/bitstream/kypd_design_wrapper.bit"
20:57:15 INFO  : Context for 'APU' is selected.
20:57:16 INFO  : Hardware design and registers information is loaded from '/home/user/lab-3-5/vivado_workspace/kypd_design_wrapper/export/kypd_design_wrapper/hw/kypd_design_wrapper.xsa'.
20:57:16 INFO  : 'configparams force-mem-access 1' command is executed.
20:57:16 INFO  : Context for 'APU' is selected.
20:57:16 INFO  : Sourcing of '/home/user/lab-3-5/vivado_workspace/kypd_demo/_ide/psinit/ps7_init.tcl' is done.
20:57:17 INFO  : 'ps7_init' command is executed.
20:57:17 INFO  : 'ps7_post_config' command is executed.
20:57:17 INFO  : Context for processor 'ps7_cortexa9_0' is selected.
20:57:17 INFO  : The application '/home/user/lab-3-5/vivado_workspace/kypd_demo/Debug/kypd_demo.elf' is downloaded to processor 'ps7_cortexa9_0'.
20:57:17 INFO  : 'configparams force-mem-access 0' command is executed.
20:57:17 INFO  : ----------------XSDB Script----------------
connect -url tcp:127.0.0.1:3121
targets -set -nocase -filter {name =~"APU*"}
rst -system
after 3000
targets -set -filter {jtag_cable_name =~ "Digilent Zybo 210279A42C55A" && level==0 && jtag_device_ctx=="jsn-Zybo-210279A42C55A-13722093-0"}
fpga -file /home/user/lab-3-5/vivado_workspace/kypd_demo/_ide/bitstream/kypd_design_wrapper.bit
targets -set -nocase -filter {name =~"APU*"}
loadhw -hw /home/user/lab-3-5/vivado_workspace/kypd_design_wrapper/export/kypd_design_wrapper/hw/kypd_design_wrapper.xsa -mem-ranges [list {0x40000000 0xbfffffff}] -regs
configparams force-mem-access 1
targets -set -nocase -filter {name =~"APU*"}
source /home/user/lab-3-5/vivado_workspace/kypd_demo/_ide/psinit/ps7_init.tcl
ps7_init
ps7_post_config
targets -set -nocase -filter {name =~ "*A9*#0"}
dow /home/user/lab-3-5/vivado_workspace/kypd_demo/Debug/kypd_demo.elf
configparams force-mem-access 0
----------------End of Script----------------

20:58:45 INFO  : Disconnected from the channel tcfchan#6.
20:58:49 INFO  : Checking for BSP changes to sync application flags for project 'kypd_demo'...
20:59:02 INFO  : Result from executing command 'removePlatformRepo': 
20:59:27 INFO  : Result from executing command 'getProjects': kypd_design_wrapper
20:59:27 INFO  : Result from executing command 'getPlatforms': 
20:59:30 INFO  : Checking for BSP changes to sync application flags for project 'kypd_demo'...
20:59:32 INFO  : Connected to target on host '127.0.0.1' and port '3121'.
20:59:32 INFO  : Jtag cable 'Digilent Zybo 210279A42C55A' is selected.
20:59:32 INFO  : 'jtag frequency' command is executed.
20:59:32 INFO  : Context for 'APU' is selected.
20:59:32 INFO  : System reset is completed.
20:59:35 INFO  : 'after 3000' command is executed.
20:59:35 INFO  : 'targets -set -filter {jtag_cable_name =~ "Digilent Zybo 210279A42C55A" && level==0 && jtag_device_ctx=="jsn-Zybo-210279A42C55A-13722093-0"}' command is executed.
20:59:37 INFO  : Device configured successfully with "/home/user/lab-3-5/vivado_workspace/kypd_demo/_ide/bitstream/kypd_design_wrapper.bit"
20:59:37 INFO  : Context for 'APU' is selected.
20:59:37 INFO  : Hardware design and registers information is loaded from '/home/user/lab-3-5/vivado_workspace/kypd_design_wrapper/export/kypd_design_wrapper/hw/kypd_design_wrapper.xsa'.
20:59:37 INFO  : 'configparams force-mem-access 1' command is executed.
20:59:37 INFO  : Context for 'APU' is selected.
20:59:37 INFO  : Sourcing of '/home/user/lab-3-5/vivado_workspace/kypd_demo/_ide/psinit/ps7_init.tcl' is done.
20:59:37 INFO  : 'ps7_init' command is executed.
20:59:37 INFO  : 'ps7_post_config' command is executed.
20:59:37 INFO  : Context for processor 'ps7_cortexa9_0' is selected.
20:59:37 INFO  : The application '/home/user/lab-3-5/vivado_workspace/kypd_demo/Debug/kypd_demo.elf' is downloaded to processor 'ps7_cortexa9_0'.
20:59:37 INFO  : 'configparams force-mem-access 0' command is executed.
20:59:37 INFO  : ----------------XSDB Script----------------
connect -url tcp:127.0.0.1:3121
targets -set -nocase -filter {name =~"APU*"}
rst -system
after 3000
targets -set -filter {jtag_cable_name =~ "Digilent Zybo 210279A42C55A" && level==0 && jtag_device_ctx=="jsn-Zybo-210279A42C55A-13722093-0"}
fpga -file /home/user/lab-3-5/vivado_workspace/kypd_demo/_ide/bitstream/kypd_design_wrapper.bit
targets -set -nocase -filter {name =~"APU*"}
loadhw -hw /home/user/lab-3-5/vivado_workspace/kypd_design_wrapper/export/kypd_design_wrapper/hw/kypd_design_wrapper.xsa -mem-ranges [list {0x40000000 0xbfffffff}] -regs
configparams force-mem-access 1
targets -set -nocase -filter {name =~"APU*"}
source /home/user/lab-3-5/vivado_workspace/kypd_demo/_ide/psinit/ps7_init.tcl
ps7_init
ps7_post_config
targets -set -nocase -filter {name =~ "*A9*#0"}
dow /home/user/lab-3-5/vivado_workspace/kypd_demo/Debug/kypd_demo.elf
configparams force-mem-access 0
----------------End of Script----------------

21:01:37 INFO  : Launching XSCT server: xsct -n  -interactive /home/user/lab-3-5/vivado_workspace/temp_xsdb_launch_script.tcl
21:01:38 INFO  : Platform repository initialization has completed.
21:01:38 INFO  : Registering command handlers for Vitis TCF services
21:01:41 INFO  : XSCT server has started successfully.
21:01:41 INFO  : Successfully done setting XSCT server connection channel  
21:01:41 INFO  : plnx-install-location is set to ''
21:01:41 INFO  : Successfully done query RDI_DATADIR 
21:01:41 INFO  : Successfully done setting workspace for the tool. 
21:02:15 INFO  : Checking for BSP changes to sync application flags for project 'kypd_demo'...
21:02:27 INFO  : Connected to target on host '127.0.0.1' and port '3121'.
21:02:27 INFO  : Jtag cable 'Digilent Zybo 210279A42C55A' is selected.
21:02:27 INFO  : 'jtag frequency' command is executed.
21:02:27 INFO  : Context for 'APU' is selected.
21:02:27 INFO  : System reset is completed.
21:02:30 INFO  : 'after 3000' command is executed.
21:02:30 INFO  : 'targets -set -filter {jtag_cable_name =~ "Digilent Zybo 210279A42C55A" && level==0 && jtag_device_ctx=="jsn-Zybo-210279A42C55A-13722093-0"}' command is executed.
21:02:32 INFO  : Device configured successfully with "/home/user/lab-3-5/vivado_workspace/kypd_demo/_ide/bitstream/kypd_design_wrapper.bit"
21:02:32 INFO  : Context for 'APU' is selected.
21:02:32 INFO  : Hardware design and registers information is loaded from '/home/user/lab-3-5/vivado_workspace/kypd_design_wrapper/export/kypd_design_wrapper/hw/kypd_design_wrapper.xsa'.
21:02:32 INFO  : 'configparams force-mem-access 1' command is executed.
21:02:32 INFO  : Context for 'APU' is selected.
21:02:32 INFO  : Sourcing of '/home/user/lab-3-5/vivado_workspace/kypd_demo/_ide/psinit/ps7_init.tcl' is done.
21:02:32 INFO  : 'ps7_init' command is executed.
21:02:32 INFO  : 'ps7_post_config' command is executed.
21:02:32 INFO  : Context for processor 'ps7_cortexa9_0' is selected.
21:02:32 INFO  : The application '/home/user/lab-3-5/vivado_workspace/kypd_demo/Debug/kypd_demo.elf' is downloaded to processor 'ps7_cortexa9_0'.
21:02:32 INFO  : 'configparams force-mem-access 0' command is executed.
21:02:32 INFO  : ----------------XSDB Script----------------
connect -url tcp:127.0.0.1:3121
targets -set -nocase -filter {name =~"APU*"}
rst -system
after 3000
targets -set -filter {jtag_cable_name =~ "Digilent Zybo 210279A42C55A" && level==0 && jtag_device_ctx=="jsn-Zybo-210279A42C55A-13722093-0"}
fpga -file /home/user/lab-3-5/vivado_workspace/kypd_demo/_ide/bitstream/kypd_design_wrapper.bit
targets -set -nocase -filter {name =~"APU*"}
loadhw -hw /home/user/lab-3-5/vivado_workspace/kypd_design_wrapper/export/kypd_design_wrapper/hw/kypd_design_wrapper.xsa -mem-ranges [list {0x40000000 0xbfffffff}] -regs
configparams force-mem-access 1
targets -set -nocase -filter {name =~"APU*"}
source /home/user/lab-3-5/vivado_workspace/kypd_demo/_ide/psinit/ps7_init.tcl
ps7_init
ps7_post_config
targets -set -nocase -filter {name =~ "*A9*#0"}
dow /home/user/lab-3-5/vivado_workspace/kypd_demo/Debug/kypd_demo.elf
configparams force-mem-access 0
----------------End of Script----------------

21:02:32 INFO  : Context for processor 'ps7_cortexa9_0' is selected.
21:02:32 INFO  : 'con' command is executed.
21:02:32 INFO  : ----------------XSDB Script (After Launch)----------------
targets -set -nocase -filter {name =~ "*A9*#0"}
con
----------------End of Script----------------

21:02:32 INFO  : Disconnected from the channel tcfchan#1.
21:03:46 INFO  : Checking for BSP changes to sync application flags for project 'kypd_demo'...
21:03:52 INFO  : Connected to target on host '127.0.0.1' and port '3121'.
21:03:52 INFO  : Jtag cable 'Digilent Zybo 210279A42C55A' is selected.
21:03:52 INFO  : 'jtag frequency' command is executed.
21:03:52 INFO  : Context for 'APU' is selected.
21:03:52 INFO  : System reset is completed.
21:03:55 INFO  : 'after 3000' command is executed.
21:03:55 INFO  : 'targets -set -filter {jtag_cable_name =~ "Digilent Zybo 210279A42C55A" && level==0 && jtag_device_ctx=="jsn-Zybo-210279A42C55A-13722093-0"}' command is executed.
21:03:56 INFO  : Device configured successfully with "/home/user/lab-3-5/vivado_workspace/kypd_demo/_ide/bitstream/kypd_design_wrapper.bit"
21:03:56 INFO  : Context for 'APU' is selected.
21:03:56 INFO  : Hardware design and registers information is loaded from '/home/user/lab-3-5/vivado_workspace/kypd_design_wrapper/export/kypd_design_wrapper/hw/kypd_design_wrapper.xsa'.
21:03:56 INFO  : 'configparams force-mem-access 1' command is executed.
21:03:56 INFO  : Context for 'APU' is selected.
21:03:56 INFO  : Sourcing of '/home/user/lab-3-5/vivado_workspace/kypd_demo/_ide/psinit/ps7_init.tcl' is done.
21:03:57 INFO  : 'ps7_init' command is executed.
21:03:57 INFO  : 'ps7_post_config' command is executed.
21:03:57 INFO  : Context for processor 'ps7_cortexa9_0' is selected.
21:03:57 INFO  : The application '/home/user/lab-3-5/vivado_workspace/kypd_demo/Debug/kypd_demo.elf' is downloaded to processor 'ps7_cortexa9_0'.
21:03:57 INFO  : 'configparams force-mem-access 0' command is executed.
21:03:57 INFO  : ----------------XSDB Script----------------
connect -url tcp:127.0.0.1:3121
targets -set -nocase -filter {name =~"APU*"}
rst -system
after 3000
targets -set -filter {jtag_cable_name =~ "Digilent Zybo 210279A42C55A" && level==0 && jtag_device_ctx=="jsn-Zybo-210279A42C55A-13722093-0"}
fpga -file /home/user/lab-3-5/vivado_workspace/kypd_demo/_ide/bitstream/kypd_design_wrapper.bit
targets -set -nocase -filter {name =~"APU*"}
loadhw -hw /home/user/lab-3-5/vivado_workspace/kypd_design_wrapper/export/kypd_design_wrapper/hw/kypd_design_wrapper.xsa -mem-ranges [list {0x40000000 0xbfffffff}] -regs
configparams force-mem-access 1
targets -set -nocase -filter {name =~"APU*"}
source /home/user/lab-3-5/vivado_workspace/kypd_demo/_ide/psinit/ps7_init.tcl
ps7_init
ps7_post_config
targets -set -nocase -filter {name =~ "*A9*#0"}
dow /home/user/lab-3-5/vivado_workspace/kypd_demo/Debug/kypd_demo.elf
configparams force-mem-access 0
----------------End of Script----------------

21:03:57 INFO  : Context for processor 'ps7_cortexa9_0' is selected.
21:03:57 INFO  : 'con' command is executed.
21:03:57 INFO  : ----------------XSDB Script (After Launch)----------------
targets -set -nocase -filter {name =~ "*A9*#0"}
con
----------------End of Script----------------

21:03:57 INFO  : Disconnected from the channel tcfchan#2.
